<?xml version="1.0" encoding="UTF-8"?>
<coverage generated="1770192922257" clover="3.2.0">
  <project timestamp="1770192922257" name="All files">
    <metrics statements="11" coveredstatements="0" conditionals="0" coveredconditionals="0" methods="3" coveredmethods="0" elements="14" coveredelements="0" complexity="0" loc="11" ncloc="11" packages="4" files="4" classes="4"/>
    <package name="app.api.health">
      <metrics statements="1" coveredstatements="0" conditionals="0" coveredconditionals="0" methods="1" coveredmethods="0"/>
      <file name="route.ts" path="C:\Users\uppal\OneDrive\Desktop\wi\S82-1225-Code-Blocks-Full-Stack-With-Next.jsAnd-AWS-Azure-Supply-Chain\habit-tracker\src\app\api\health\route.ts">
        <metrics statements="1" coveredstatements="0" conditionals="0" coveredconditionals="0" methods="1" coveredmethods="0"/>
        <line num="4" count="0" type="stmt"/>
      </file>
    </package>
    <package name="app.api.health.db">
      <metrics statements="4" coveredstatements="0" conditionals="0" coveredconditionals="0" methods="1" coveredmethods="0"/>
      <file name="route.ts" path="C:\Users\uppal\OneDrive\Desktop\wi\S82-1225-Code-Blocks-Full-Stack-With-Next.jsAnd-AWS-Azure-Supply-Chain\habit-tracker\src\app\api\health\db\route.ts">
        <metrics statements="4" coveredstatements="0" conditionals="0" coveredconditionals="0" methods="1" coveredmethods="0"/>
        <line num="5" count="0" type="stmt"/>
        <line num="6" count="0" type="stmt"/>
        <line num="7" count="0" type="stmt"/>
        <line num="12" count="0" type="stmt"/>
      </file>
    </package>
    <package name="app.api.test-error">
      <metrics statements="5" coveredstatements="0" conditionals="0" coveredconditionals="0" methods="1" coveredmethods="0"/>
      <file name="route.ts" path="C:\Users\uppal\OneDrive\Desktop\wi\S82-1225-Code-Blocks-Full-Stack-With-Next.jsAnd-AWS-Azure-Supply-Chain\habit-tracker\src\app\api\test-error\route.ts">
        <metrics statements="5" coveredstatements="0" conditionals="0" coveredconditionals="0" methods="1" coveredmethods="0"/>
        <line num="5" count="0" type="stmt"/>
        <line num="6" count="0" type="stmt"/>
        <line num="8" count="0" type="stmt"/>
        <line num="11" count="0" type="stmt"/>
        <line num="15" count="0" type="stmt"/>
      </file>
    </package>
    <package name="lib.validators">
      <metrics statements="1" coveredstatements="0" conditionals="0" coveredconditionals="0" methods="0" coveredmethods="0"/>
      <file name="auth.ts" path="C:\Users\uppal\OneDrive\Desktop\wi\S82-1225-Code-Blocks-Full-Stack-With-Next.jsAnd-AWS-Azure-Supply-Chain\habit-tracker\src\lib\validators\auth.ts">
        <metrics statements="1" coveredstatements="0" conditionals="0" coveredconditionals="0" methods="0" coveredmethods="0"/>
        <line num="3" count="0" type="stmt"/>
      </file>
    </package>
  </project>
</coverage>
