{"C:\\Users\\uppal\\OneDrive\\Desktop\\wi\\S82-1225-Code-Blocks-Full-Stack-With-Next.jsAnd-AWS-Azure-Supply-Chain\\habit-tracker\\src\\app\\api\\health\\route.ts": {"path":"C:\\Users\\uppal\\OneDrive\\Desktop\\wi\\S82-1225-Code-Blocks-Full-Stack-With-Next.jsAnd-AWS-Azure-Supply-Chain\\habit-tracker\\src\\app\\api\\health\\route.ts","statementMap":{"0":{"start":{"line":4,"column":2},"end":{"line":7,"column":5}}},"fnMap":{"0":{"name":"GET","decl":{"start":{"line":3,"column":22},"end":{"line":3,"column":25}},"loc":{"start":{"line":3,"column":28},"end":{"line":8,"column":1}},"line":3}},"branchMap":{},"s":{"0":0},"f":{"0":0},"b":{}}
,"C:\\Users\\uppal\\OneDrive\\Desktop\\wi\\S82-1225-Code-Blocks-Full-Stack-With-Next.jsAnd-AWS-Azure-Supply-Chain\\habit-tracker\\src\\app\\api\\health\\db\\route.ts": {"path":"C:\\Users\\uppal\\OneDrive\\Desktop\\wi\\S82-1225-Code-Blocks-Full-Stack-With-Next.jsAnd-AWS-Azure-Supply-Chain\\habit-tracker\\src\\app\\api\\health\\db\\route.ts","statementMap":{"0":{"start":{"line":5,"column":2},"end":{"line":16,"column":3}},"1":{"start":{"line":6,"column":19},"end":{"line":6,"column":55}},"2":{"start":{"line":7,"column":4},"end":{"line":10,"column":7}},"3":{"start":{"line":12,"column":4},"end":{"line":15,"column":6}}},"fnMap":{"0":{"name":"GET","decl":{"start":{"line":4,"column":22},"end":{"line":4,"column":25}},"loc":{"start":{"line":4,"column":28},"end":{"line":17,"column":1}},"line":4}},"branchMap":{},"s":{"0":0,"1":0,"2":0,"3":0},"f":{"0":0},"b":{}}
,"C:\\Users\\uppal\\OneDrive\\Desktop\\wi\\S82-1225-Code-Blocks-Full-Stack-With-Next.jsAnd-AWS-Azure-Supply-Chain\\habit-tracker\\src\\app\\api\\test-error\\route.ts": {"path":"C:\\Users\\uppal\\OneDrive\\Desktop\\wi\\S82-1225-Code-Blocks-Full-Stack-With-Next.jsAnd-AWS-Azure-Supply-Chain\\habit-tracker\\src\\app\\api\\test-error\\route.ts","statementMap":{"0":{"start":{"line":5,"column":2},"end":{"line":19,"column":3}},"1":{"start":{"line":6,"column":4},"end":{"line":6,"column":40}},"2":{"start":{"line":8,"column":4},"end":{"line":8,"column":58}},"3":{"start":{"line":11,"column":4},"end":{"line":13,"column":7}},"4":{"start":{"line":15,"column":4},"end":{"line":18,"column":6}}},"fnMap":{"0":{"name":"GET","decl":{"start":{"line":4,"column":22},"end":{"line":4,"column":25}},"loc":{"start":{"line":4,"column":28},"end":{"line":20,"column":1}},"line":4}},"branchMap":{},"s":{"0":0,"1":0,"2":0,"3":0,"4":0},"f":{"0":0},"b":{}}
,"C:\\Users\\uppal\\OneDrive\\Desktop\\wi\\S82-1225-Code-Blocks-Full-Stack-With-Next.jsAnd-AWS-Azure-Supply-Chain\\habit-tracker\\src\\lib\\validators\\auth.ts": {"path":"C:\\Users\\uppal\\OneDrive\\Desktop\\wi\\S82-1225-Code-Blocks-Full-Stack-With-Next.jsAnd-AWS-Azure-Supply-Chain\\habit-tracker\\src\\lib\\validators\\auth.ts","statementMap":{"0":{"start":{"line":3,"column":27},"end":{"line":6,"column":2}}},"fnMap":{},"branchMap":{},"s":{"0":0},"f":{},"b":{}}
}
